#
# There is insufficient memory for the Java Runtime Environment to continue.
# Native memory allocation (malloc) failed to allocate 1537616 bytes for Chunk::new
# Possible reasons:
#   The system is out of physical RAM or swap space
#   The process is running with CompressedOops enabled, and the Java Heap may be blocking the growth of the native heap
# Possible solutions:
#   Reduce memory load on the system
#   Increase physical memory or swap space
#   Check if swap backing store is full
#   Decrease Java heap size (-Xmx/-Xms)
#   Decrease number of Java threads
#   Decrease Java thread stack sizes (-Xss)
#   Set larger code cache with -XX:ReservedCodeCacheSize=
#   JVM is running with Zero Based Compressed Oops mode in which the Java heap is
#     placed in the first 32GB address space. The Java Heap base address is the
#     maximum limit for the native heap growth. Please use -XX:HeapBaseMinAddress
#     to set the Java Heap base and to place the Java Heap above 32GB virtual address.
# This output file may be truncated or incomplete.
#
#  Out of Memory Error (arena.cpp:189), pid=36092, tid=30284
#
# JRE version: Java(TM) SE Runtime Environment (17.0.8+9) (build 17.0.8+9-LTS-211)
# Java VM: Java HotSpot(TM) 64-Bit Server VM (17.0.8+9-LTS-211, mixed mode, sharing, tiered, compressed oops, compressed class ptrs, g1 gc, windows-amd64)
# No core dump will be written. Minidumps are not enabled by default on client versions of Windows
#

---------------  S U M M A R Y ------------

Command Line: -Xrunjdwp:transport=dt_socket,address=localhost:60658,server=n,suspend=y -Dcom.sun.management.jmxremote -Dcom.sun.management.jmxremote.port=60201 -Dcom.sun.management.jmxremote.authenticate=false -Dcom.sun.management.jmxremote.ssl=false -Dspring.jmx.enabled=true -Djava.rmi.server.hostname=localhost -Dspring.application.admin.enabled=true -Dspring.boot.project.name=producao-service-fase-4-producao-fase04 -XX:+ShowCodeDetailsInExceptionMessages -Dfile.encoding=UTF-8 br.com.fiap.lanchonete.ProducaoServiceFase4Application

Host: Intel(R) Core(TM) i5-10400F CPU @ 2.90GHz, 12 cores, 15G,  Windows 11 , 64 bit Build 22621 (10.0.22621.4391)
Time: Sun Dec  1 22:39:00 2024 Hora oficial do Brasil elapsed time: 161.217080 seconds (0d 0h 2m 41s)

---------------  T H R E A D  ---------------

Current thread (0x00000182a0252ba0):  JavaThread "C2 CompilerThread1" daemon [_thread_in_native, id=30284, stack(0x000000772cb00000,0x000000772cc00000)]


Current CompileTask:
C2: 161217 11221   !   4       software.amazon.awssdk.http.nio.netty.internal.ResponseHandler::channelRead0 (411 bytes)

Stack: [0x000000772cb00000,0x000000772cc00000]
Native frames: (J=compiled Java code, j=interpreted, Vv=VM code, C=native code)
V  [jvm.dll+0x677d0a]
V  [jvm.dll+0x7d8c54]
V  [jvm.dll+0x7da3fe]
V  [jvm.dll+0x7daa63]
V  [jvm.dll+0x245c5f]
V  [jvm.dll+0xaaa6b]
V  [jvm.dll+0xab00c]
V  [jvm.dll+0x361e3f]
V  [jvm.dll+0x32c551]
V  [jvm.dll+0x32b9ea]
V  [jvm.dll+0x217fff]
V  [jvm.dll+0x217431]
V  [jvm.dll+0x1a3af0]
V  [jvm.dll+0x2270be]
V  [jvm.dll+0x22535b]
V  [jvm.dll+0x78e7bc]
V  [jvm.dll+0x788bba]
V  [jvm.dll+0x676b35]
C  [ucrtbase.dll+0x29333]
C  [KERNEL32.DLL+0x1259d]
C  [ntdll.dll+0x5af38]


---------------  P R O C E S S  ---------------

Threads class SMR info:
_java_thread_list=0x000001829834a740, length=89, elements={
0x000001829100afb0, 0x000001829100be20, 0x000001829101eff0, 0x000001829101f8b0,
0x0000018291021270, 0x0000018291023030, 0x0000018291023dc0, 0x00000182910355c0,
0x0000018291036790, 0x0000018291171760, 0x000001829135d5a0, 0x00000182912fa870,
0x00000182912fb160, 0x0000018291300de0, 0x00000182966504b0, 0x0000018296677d70,
0x0000018296623b70, 0x00000182993e1410, 0x00000182993e18e0, 0x00000182993e5770,
0x00000182993ded90, 0x00000182993e4900, 0x00000182993e00d0, 0x00000182993df260,
0x00000182993e2280, 0x00000182993e2750, 0x00000182993e3f60, 0x00000182993e1db0,
0x00000182993e0f40, 0x00000182993e5c40, 0x00000182993e30f0, 0x00000182993de8c0,
0x00000182993e6110, 0x00000182993dfc00, 0x00000182993e4430, 0x00000182993e2c20,
0x00000182993e35c0, 0x000001829fe4a360, 0x000001829fe4bb70, 0x000001829fe4c510,
0x000001829fe4b6a0, 0x000001829fe44cc0, 0x000001829fe47810, 0x000001829fe469a0,
0x000001829fe47ce0, 0x000001829fe46e70, 0x000001829fe481b0, 0x000001829fe464d0,
0x000001829fe47340, 0x000001829fe4ad00, 0x000001829fe48680, 0x000001829fe4b1d0,
0x000001829fe4c040, 0x000001829fe45190, 0x000001829fe49020, 0x000001829fe45660,
0x000001829fe46000, 0x000001829fe494f0, 0x000001829fe499c0, 0x00000182993e3a90,
0x00000182993e4dd0, 0x00000182993e52a0, 0x0000018297609370, 0x000001829cf2e2a0,
0x000001829cf2e770, 0x000001829cf2d900, 0x000001829cf2f110, 0x000001829cf2c0f0,
0x000001829cf2fab0, 0x000001829cf2ca90, 0x000001829cf2bc20, 0x000001829cf2ec40,
0x000001829cf2a410, 0x000001829cf2ddd0, 0x000001829cf2a8e0, 0x000001829cf2cf60,
0x000001829cf2adb0, 0x000001829cf2f5e0, 0x000001829cf2ff80, 0x000001829cf2d430,
0x000001829cf2c5c0, 0x000001829cf2b280, 0x000001829cf2b750, 0x000001829cf30450,
0x000001829cf295a0, 0x000001829cf30920, 0x000001829cf29a70, 0x00000182a0252ba0,
0x0000018297ef13f0
}

Java Threads: ( => current thread )
  0x000001829100afb0 JavaThread "Reference Handler" daemon [_thread_blocked, id=40032, stack(0x0000007728300000,0x0000007728400000)]
  0x000001829100be20 JavaThread "Finalizer" daemon [_thread_blocked, id=39424, stack(0x0000007728400000,0x0000007728500000)]
  0x000001829101eff0 JavaThread "Signal Dispatcher" daemon [_thread_blocked, id=28960, stack(0x0000007728500000,0x0000007728600000)]
  0x000001829101f8b0 JavaThread "Attach Listener" daemon [_thread_blocked, id=22064, stack(0x0000007728600000,0x0000007728700000)]
  0x0000018291021270 JavaThread "Service Thread" daemon [_thread_blocked, id=40648, stack(0x0000007728700000,0x0000007728800000)]
  0x0000018291023030 JavaThread "Monitor Deflation Thread" daemon [_thread_blocked, id=42008, stack(0x0000007728800000,0x0000007728900000)]
  0x0000018291023dc0 JavaThread "C2 CompilerThread0" daemon [_thread_blocked, id=41848, stack(0x0000007728900000,0x0000007728a00000)]
  0x00000182910355c0 JavaThread "C1 CompilerThread0" daemon [_thread_blocked, id=42176, stack(0x0000007728a00000,0x0000007728b00000)]
  0x0000018291036790 JavaThread "Sweeper thread" daemon [_thread_blocked, id=43200, stack(0x0000007728b00000,0x0000007728c00000)]
  0x0000018291171760 JavaThread "Common-Cleaner" daemon [_thread_blocked, id=34008, stack(0x0000007728c00000,0x0000007728d00000)]
  0x000001829135d5a0 JavaThread "JDWP Transport Listener: dt_socket" daemon [_thread_blocked, id=15780, stack(0x0000007728d00000,0x0000007728e00000)]
  0x00000182912fa870 JavaThread "JDWP Event Helper Thread" daemon [_thread_blocked, id=41048, stack(0x0000007728e00000,0x0000007728f00000)]
  0x00000182912fb160 JavaThread "JDWP Command Reader" daemon [_thread_in_native, id=40840, stack(0x0000007728f00000,0x0000007729000000)]
  0x0000018291300de0 JavaThread "Notification Thread" daemon [_thread_blocked, id=41536, stack(0x0000007729000000,0x0000007729100000)]
  0x00000182966504b0 JavaThread "RMI TCP Accept-0" daemon [_thread_in_native, id=42108, stack(0x0000007729200000,0x0000007729300000)]
  0x0000018296677d70 JavaThread "RMI TCP Accept-60201" daemon [_thread_in_native, id=38836, stack(0x0000007729300000,0x0000007729400000)]
  0x0000018296623b70 JavaThread "RMI TCP Accept-0" daemon [_thread_in_native, id=41704, stack(0x0000007729400000,0x0000007729500000)]
  0x00000182993e1410 JavaThread "Catalina-utility-1" [_thread_blocked, id=42216, stack(0x000000772a100000,0x000000772a200000)]
  0x00000182993e18e0 JavaThread "Catalina-utility-2" [_thread_blocked, id=41820, stack(0x000000772a400000,0x000000772a500000)]
  0x00000182993e5770 JavaThread "container-0" [_thread_blocked, id=40552, stack(0x000000772a500000,0x000000772a600000)]
  0x00000182993ded90 JavaThread "HikariPool-1 housekeeper" daemon [_thread_blocked, id=40580, stack(0x000000772a600000,0x000000772a700000)]
  0x00000182993e4900 JavaThread "BufferPoolPruner-1-thread-1" daemon [_thread_blocked, id=41408, stack(0x000000772a800000,0x000000772a900000)]
  0x00000182993e00d0 JavaThread "cluster-ClusterId{value='674d0f181efbcd2dde9438e3', description='null'}-localhost:27017" daemon [_thread_in_native, id=1520, stack(0x000000772a900000,0x000000772aa00000)]
  0x00000182993df260 JavaThread "cluster-rtt-ClusterId{value='674d0f181efbcd2dde9438e3', description='null'}-localhost:27017" daemon [_thread_blocked, id=27400, stack(0x000000772aa00000,0x000000772ab00000)]
  0x00000182993e2280 JavaThread "MaintenanceTimer-2-thread-1" daemon [_thread_blocked, id=38432, stack(0x000000772ac00000,0x000000772ad00000)]
  0x00000182993e2750 JavaThread "http-nio-8084-exec-1" daemon [_thread_blocked, id=43852, stack(0x000000772ad00000,0x000000772ae00000)]
  0x00000182993e3f60 JavaThread "http-nio-8084-exec-2" daemon [_thread_blocked, id=30976, stack(0x000000772ae00000,0x000000772af00000)]
  0x00000182993e1db0 JavaThread "http-nio-8084-exec-3" daemon [_thread_blocked, id=11100, stack(0x000000772af00000,0x000000772b000000)]
  0x00000182993e0f40 JavaThread "http-nio-8084-exec-4" daemon [_thread_blocked, id=37708, stack(0x000000772b000000,0x000000772b100000)]
  0x00000182993e5c40 JavaThread "http-nio-8084-exec-5" daemon [_thread_blocked, id=42020, stack(0x000000772b100000,0x000000772b200000)]
  0x00000182993e30f0 JavaThread "http-nio-8084-exec-6" daemon [_thread_blocked, id=32648, stack(0x000000772b200000,0x000000772b300000)]
  0x00000182993de8c0 JavaThread "http-nio-8084-exec-7" daemon [_thread_blocked, id=28084, stack(0x000000772b300000,0x000000772b400000)]
  0x00000182993e6110 JavaThread "http-nio-8084-exec-8" daemon [_thread_blocked, id=40216, stack(0x000000772b400000,0x000000772b500000)]
  0x00000182993dfc00 JavaThread "http-nio-8084-exec-9" daemon [_thread_blocked, id=28848, stack(0x000000772b500000,0x000000772b600000)]
  0x00000182993e4430 JavaThread "http-nio-8084-exec-10" daemon [_thread_blocked, id=41192, stack(0x000000772b600000,0x000000772b700000)]
  0x00000182993e2c20 JavaThread "http-nio-8084-Poller" daemon [_thread_in_native, id=43044, stack(0x000000772b700000,0x000000772b800000)]
  0x00000182993e35c0 JavaThread "http-nio-8084-Acceptor" daemon [_thread_in_native, id=25016, stack(0x000000772b800000,0x000000772b900000)]
  0x000001829fe4a360 JavaThread "aws-java-sdk-NettyEventLoop-1-1" daemon [_thread_in_native, id=30152, stack(0x000000772bd00000,0x000000772be00000)]
  0x000001829fe4bb70 JavaThread "aws-java-sdk-NettyEventLoop-1-0" daemon [_thread_in_native, id=41492, stack(0x000000772be00000,0x000000772bf00000)]
  0x000001829fe4c510 JavaThread "aws-java-sdk-NettyEventLoop-1-2" daemon [_thread_in_native, id=42892, stack(0x000000772bf00000,0x000000772c000000)]
  0x000001829fe4b6a0 JavaThread "aws-java-sdk-NettyEventLoop-1-3" daemon [_thread_in_native, id=28776, stack(0x000000772c000000,0x000000772c100000)]
  0x000001829fe44cc0 JavaThread "aws-java-sdk-NettyEventLoop-1-4" daemon [_thread_in_native, id=7796, stack(0x000000772c100000,0x000000772c200000)]
  0x000001829fe47810 JavaThread "aws-java-sdk-NettyEventLoop-1-5" daemon [_thread_in_native, id=12948, stack(0x000000772c200000,0x000000772c300000)]
  0x000001829fe469a0 JavaThread "aws-java-sdk-NettyEventLoop-1-6" daemon [_thread_in_native, id=42192, stack(0x000000772c300000,0x000000772c400000)]
  0x000001829fe47ce0 JavaThread "aws-java-sdk-NettyEventLoop-1-7" daemon [_thread_in_native, id=24232, stack(0x000000772c400000,0x000000772c500000)]
  0x000001829fe46e70 JavaThread "aws-java-sdk-NettyEventLoop-1-8" daemon [_thread_in_native, id=13724, stack(0x000000772c500000,0x000000772c600000)]
  0x000001829fe481b0 JavaThread "aws-java-sdk-NettyEventLoop-1-9" daemon [_thread_in_native, id=9120, stack(0x000000772c600000,0x000000772c700000)]
  0x000001829fe464d0 JavaThread "aws-java-sdk-NettyEventLoop-1-10" daemon [_thread_in_native, id=4668, stack(0x000000772c700000,0x000000772c800000)]
  0x000001829fe47340 JavaThread "aws-java-sdk-NettyEventLoop-1-11" daemon [_thread_in_native, id=11900, stack(0x000000772c800000,0x000000772c900000)]
  0x000001829fe4ad00 JavaThread "aws-java-sdk-NettyEventLoop-1-12" daemon [_thread_in_native, id=36660, stack(0x000000772c900000,0x000000772ca00000)]
  0x000001829fe48680 JavaThread "io.awspring.cloud.sqs.sqsListenerEndpointContainer#0#message_source-1" [_thread_blocked, id=43788, stack(0x000000772cc00000,0x000000772cd00000)]
  0x000001829fe4b1d0 JavaThread "io.awspring.cloud.sqs.sqsListenerEndpointContainer#1#message_source-1" [_thread_blocked, id=19680, stack(0x000000772cd00000,0x000000772ce00000)]
  0x000001829fe4c040 JavaThread "io.awspring.cloud.sqs.sqsListenerEndpointContainer#0#message_source-2" [_thread_blocked, id=21340, stack(0x000000772ce00000,0x000000772cf00000)]
  0x000001829fe45190 JavaThread "io.awspring.cloud.sqs.sqsListenerEndpointContainer#1#message_source-2" [_thread_blocked, id=23304, stack(0x000000772cf00000,0x000000772d000000)]
  0x000001829fe49020 JavaThread "io.awspring.cloud.sqs.sqsListenerEndpointContainer#0-0-1" [_thread_blocked, id=26488, stack(0x000000772b900000,0x000000772ba00000)]
  0x000001829fe45660 JavaThread "io.awspring.cloud.sqs.sqsListenerEndpointContainer#1-0-1" [_thread_blocked, id=5356, stack(0x000000772ba00000,0x000000772bb00000)]
  0x000001829fe46000 JavaThread "aws-java-sdk-NettyEventLoop-1-13" daemon [_thread_in_native, id=44224, stack(0x000000772bb00000,0x000000772bc00000)]
  0x000001829fe494f0 JavaThread "aws-java-sdk-NettyEventLoop-1-14" daemon [_thread_in_native, id=44208, stack(0x000000772bc00000,0x000000772bd00000)]
  0x000001829fe499c0 JavaThread "aws-java-sdk-NettyEventLoop-1-15" daemon [_thread_in_native, id=27624, stack(0x000000772d000000,0x000000772d100000)]
  0x00000182993e3a90 JavaThread "aws-java-sdk-NettyEventLoop-1-16" daemon [_thread_in_native, id=29560, stack(0x000000772d100000,0x000000772d200000)]
  0x00000182993e4dd0 JavaThread "aws-java-sdk-NettyEventLoop-1-17" daemon [_thread_in_native, id=33856, stack(0x000000772d200000,0x000000772d300000)]
  0x00000182993e52a0 JavaThread "aws-java-sdk-NettyEventLoop-1-18" daemon [_thread_in_native, id=35020, stack(0x000000772d300000,0x000000772d400000)]
  0x0000018297609370 JavaThread "aws-java-sdk-NettyEventLoop-1-19" daemon [_thread_in_native, id=11412, stack(0x000000772d400000,0x000000772d500000)]
  0x000001829cf2e2a0 JavaThread "aws-java-sdk-NettyEventLoop-1-20" daemon [_thread_in_native, id=15248, stack(0x000000772d500000,0x000000772d600000)]
  0x000001829cf2e770 JavaThread "DestroyJavaVM" [_thread_blocked, id=39756, stack(0x0000007727c00000,0x0000007727d00000)]
  0x000001829cf2d900 JavaThread "aws-java-sdk-NettyEventLoop-1-21" daemon [_thread_in_native, id=24168, stack(0x0000007729600000,0x0000007729700000)]
  0x000001829cf2f110 JavaThread "aws-java-sdk-NettyEventLoop-1-22" daemon [_thread_in_native, id=25096, stack(0x000000772a700000,0x000000772a800000)]
  0x000001829cf2c0f0 JavaThread "aws-java-sdk-NettyEventLoop-1-23" daemon [_thread_in_native, id=22880, stack(0x000000772ca00000,0x000000772cb00000)]
  0x000001829cf2fab0 JavaThread "io.awspring.cloud.sqs.sqsListenerEndpointContainer#1-2" [_thread_blocked, id=6860, stack(0x000000772da00000,0x000000772db00000)]
  0x000001829cf2ca90 JavaThread "io.awspring.cloud.sqs.sqsListenerEndpointContainer#1-3" [_thread_blocked, id=13616, stack(0x0000007727b00000,0x0000007727c00000)]
  0x000001829cf2bc20 JavaThread "sdk-async-response-0-14" daemon [_thread_blocked, id=33496, stack(0x0000007727900000,0x0000007727a00000)]
  0x000001829cf2ec40 JavaThread "sdk-async-response-0-15" daemon [_thread_blocked, id=3676, stack(0x0000007727a00000,0x0000007727b00000)]
  0x000001829cf2a410 JavaThread "sdk-async-response-0-16" daemon [_thread_blocked, id=3756, stack(0x0000007729100000,0x0000007729200000)]
  0x000001829cf2ddd0 JavaThread "sdk-ScheduledExecutor-2-0" daemon [_thread_blocked, id=3552, stack(0x000000772d700000,0x000000772d800000)]
  0x000001829cf2a8e0 JavaThread "sdk-ScheduledExecutor-2-1" daemon [_thread_blocked, id=40592, stack(0x000000772d800000,0x000000772d900000)]
  0x000001829cf2cf60 JavaThread "sdk-async-response-0-17" daemon [_thread_blocked, id=40724, stack(0x000000772d900000,0x000000772da00000)]
  0x000001829cf2adb0 JavaThread "sdk-async-response-0-18" daemon [_thread_blocked, id=43928, stack(0x000000772db00000,0x000000772dc00000)]
  0x000001829cf2f5e0 JavaThread "sdk-ScheduledExecutor-2-2" daemon [_thread_blocked, id=2972, stack(0x000000772dc00000,0x000000772dd00000)]
  0x000001829cf2ff80 JavaThread "sdk-ScheduledExecutor-2-3" daemon [_thread_blocked, id=3528, stack(0x000000772dd00000,0x000000772de00000)]
  0x000001829cf2d430 JavaThread "sdk-async-response-0-19" daemon [_thread_blocked, id=2888, stack(0x000000772de00000,0x000000772df00000)]
  0x000001829cf2c5c0 JavaThread "sdk-ScheduledExecutor-2-4" daemon [_thread_blocked, id=2904, stack(0x000000772df00000,0x000000772e000000)]
  0x000001829cf2b280 JavaThread "sdk-async-response-0-20" daemon [_thread_blocked, id=2920, stack(0x000000772e000000,0x000000772e100000)]
  0x000001829cf2b750 JavaThread "sdk-async-response-0-21" daemon [_thread_blocked, id=2464, stack(0x000000772e100000,0x000000772e200000)]
  0x000001829cf30450 JavaThread "sdk-async-response-0-22" daemon [_thread_blocked, id=3156, stack(0x000000772e200000,0x000000772e300000)]
  0x000001829cf295a0 JavaThread "sdk-async-response-0-23" daemon [_thread_blocked, id=5264, stack(0x000000772e300000,0x000000772e400000)]
  0x000001829cf30920 JavaThread "sdk-async-response-0-24" daemon [_thread_blocked, id=40896, stack(0x000000772e400000,0x000000772e500000)]
  0x000001829cf29a70 JavaThread "sdk-async-response-0-25" daemon [_thread_blocked, id=26228, stack(0x000000772e500000,0x000000772e600000)]
=>0x00000182a0252ba0 JavaThread "C2 CompilerThread1" daemon [_thread_in_native, id=30284, stack(0x000000772cb00000,0x000000772cc00000)]
  0x0000018297ef13f0 JavaThread "C2 CompilerThread2" daemon [_thread_blocked, id=33144, stack(0x000000772d600000,0x000000772d700000)]

Other Threads:
  0x0000018291006070 VMThread "VM Thread" [stack: 0x0000007728200000,0x0000007728300000] [id=40768]
  0x0000018296684b30 WatcherThread [stack: 0x0000007729500000,0x0000007729600000] [id=44128]
  0x000001822cd08070 GCTaskThread "GC Thread#0" [stack: 0x0000007727d00000,0x0000007727e00000] [id=34904]
  0x0000018296cbba20 GCTaskThread "GC Thread#1" [stack: 0x0000007729700000,0x0000007729800000] [id=38500]
  0x0000018296cbbcd0 GCTaskThread "GC Thread#2" [stack: 0x0000007729800000,0x0000007729900000] [id=33328]
  0x0000018296d064b0 GCTaskThread "GC Thread#3" [stack: 0x0000007729900000,0x0000007729a00000] [id=31956]
  0x0000018296d06760 GCTaskThread "GC Thread#4" [stack: 0x0000007729a00000,0x0000007729b00000] [id=32764]
  0x0000018296d07250 GCTaskThread "GC Thread#5" [stack: 0x0000007729b00000,0x0000007729c00000] [id=28004]
  0x0000018296754560 GCTaskThread "GC Thread#6" [stack: 0x0000007729c00000,0x0000007729d00000] [id=43484]
  0x00000182977d0cb0 GCTaskThread "GC Thread#7" [stack: 0x0000007729d00000,0x0000007729e00000] [id=36828]
  0x0000018296754810 GCTaskThread "GC Thread#8" [stack: 0x0000007729e00000,0x0000007729f00000] [id=34744]
  0x0000018296646150 GCTaskThread "GC Thread#9" [stack: 0x0000007729f00000,0x000000772a000000] [id=44644]
  0x000001822cd19e80 ConcurrentGCThread "G1 Main Marker" [stack: 0x0000007727e00000,0x0000007727f00000] [id=39200]
  0x000001822cd1a890 ConcurrentGCThread "G1 Conc#0" [stack: 0x0000007727f00000,0x0000007728000000] [id=38412]
  0x00000182983d3e70 ConcurrentGCThread "G1 Conc#1" [stack: 0x000000772a200000,0x000000772a300000] [id=12908]
  0x0000018298c5ac20 ConcurrentGCThread "G1 Conc#2" [stack: 0x000000772a300000,0x000000772a400000] [id=42576]
  0x000001824fc2dcc0 ConcurrentGCThread "G1 Refine#0" [stack: 0x0000007728000000,0x0000007728100000] [id=39908]
  0x0000018296902d50 ConcurrentGCThread "G1 Refine#1" [stack: 0x000000772a000000,0x000000772a100000] [id=43668]
  0x000001824fc2e6e0 ConcurrentGCThread "G1 Service" [stack: 0x0000007728100000,0x0000007728200000] [id=36972]

Threads with active compile tasks:
C2 CompilerThread1   161249 11221   !   4       software.amazon.awssdk.http.nio.netty.internal.ResponseHandler::channelRead0 (411 bytes)

VM state: not at safepoint (normal execution)

VM Mutex/Monitor currently owned by a thread: None

Heap address: 0x0000000701400000, size: 4076 MB, Compressed Oops mode: Zero based, Oop shift amount: 3

CDS archive(s) mapped at: [0x0000018250000000-0x0000018250bd0000-0x0000018250bd0000), size 12386304, SharedBaseAddress: 0x0000018250000000, ArchiveRelocationMode: 1.
Compressed class space mapped at: 0x0000018251000000-0x0000018291000000, reserved size: 1073741824
Narrow klass base: 0x0000018250000000, Narrow klass shift: 0, Narrow klass range: 0x100000000

GC Precious Log:
 CPUs: 12 total, 12 available
 Memory: 16300M
 Large Page Support: Disabled
 NUMA Support: Disabled
 Compressed Oops: Enabled (Zero based)
 Heap Region Size: 2M
 Heap Min Capacity: 8M
 Heap Initial Capacity: 256M
 Heap Max Capacity: 4076M
 Pre-touch: Disabled
 Parallel Workers: 10
 Concurrent Workers: 3
 Concurrent Refinement Workers: 10
 Periodic GC: Disabled

Heap:
 garbage-first heap   total 229376K, used 165215K [0x0000000701400000, 0x0000000800000000)
  region size 2048K, 22 young (45056K), 3 survivors (6144K)
 Metaspace       used 83331K, committed 83840K, reserved 1179648K
  class space    used 11041K, committed 11264K, reserved 1048576K

Heap Regions: E=young(eden), S=young(survivor), O=old, HS=humongous(starts), HC=humongous(continues), CS=collection set, F=free, OA=open archive, CA=closed archive, TAMS=top-at-mark-start (previous, next)
|   0|0x0000000701400000, 0x0000000701600000, 0x0000000701600000|100%| O|  |TAMS 0x0000000701600000, 0x0000000701400000| Untracked 
|   1|0x0000000701600000, 0x0000000701800000, 0x0000000701800000|100%| O|  |TAMS 0x0000000701800000, 0x0000000701600000| Untracked 
|   2|0x0000000701800000, 0x0000000701a00000, 0x0000000701a00000|100%| O|  |TAMS 0x0000000701a00000, 0x0000000701800000| Untracked 
|   3|0x0000000701a00000, 0x0000000701c00000, 0x0000000701c00000|100%| O|  |TAMS 0x0000000701c00000, 0x0000000701a00000| Untracked 
|   4|0x0000000701c00000, 0x0000000701d59c00, 0x0000000701e00000| 67%| O|  |TAMS 0x0000000701d59c00, 0x0000000701c00000| Untracked 
|   5|0x0000000701e00000, 0x0000000702000000, 0x0000000702000000|100%| O|  |TAMS 0x0000000702000000, 0x0000000701e00000| Untracked 
|   6|0x0000000702000000, 0x0000000702200000, 0x0000000702200000|100%| O|  |TAMS 0x0000000702200000, 0x0000000702000000| Untracked 
|   7|0x0000000702200000, 0x0000000702400000, 0x0000000702400000|100%| O|  |TAMS 0x0000000702400000, 0x0000000702200000| Untracked 
|   8|0x0000000702400000, 0x0000000702600000, 0x0000000702600000|100%| O|  |TAMS 0x0000000702600000, 0x0000000702400000| Untracked 
|   9|0x0000000702600000, 0x0000000702800000, 0x0000000702800000|100%| O|  |TAMS 0x0000000702800000, 0x0000000702600000| Untracked 
|  10|0x0000000702800000, 0x0000000702a00000, 0x0000000702a00000|100%| O|  |TAMS 0x0000000702a00000, 0x0000000702800000| Untracked 
|  11|0x0000000702a00000, 0x0000000702c00000, 0x0000000702c00000|100%| O|  |TAMS 0x0000000702c00000, 0x0000000702a00000| Untracked 
|  12|0x0000000702c00000, 0x0000000702e00000, 0x0000000702e00000|100%| O|  |TAMS 0x0000000702e00000, 0x0000000702c00000| Untracked 
|  13|0x0000000702e00000, 0x0000000703000000, 0x0000000703000000|100%| O|  |TAMS 0x0000000703000000, 0x0000000702e00000| Untracked 
|  14|0x0000000703000000, 0x0000000703200000, 0x0000000703200000|100%| O|  |TAMS 0x0000000703200000, 0x0000000703000000| Untracked 
|  15|0x0000000703200000, 0x0000000703400000, 0x0000000703400000|100%| O|  |TAMS 0x0000000703400000, 0x0000000703200000| Untracked 
|  16|0x0000000703400000, 0x0000000703600000, 0x0000000703600000|100%| O|  |TAMS 0x0000000703600000, 0x0000000703400000| Untracked 
|  17|0x0000000703600000, 0x0000000703800000, 0x0000000703800000|100%| O|  |TAMS 0x0000000703800000, 0x0000000703600000| Untracked 
|  18|0x0000000703800000, 0x0000000703a00000, 0x0000000703a00000|100%| O|  |TAMS 0x0000000703a00000, 0x0000000703800000| Untracked 
|  19|0x0000000703a00000, 0x0000000703c00000, 0x0000000703c00000|100%| O|  |TAMS 0x0000000703c00000, 0x0000000703a00000| Untracked 
|  20|0x0000000703c00000, 0x0000000703e00000, 0x0000000703e00000|100%| O|  |TAMS 0x0000000703e00000, 0x0000000703c00000| Untracked 
|  21|0x0000000703e00000, 0x0000000704000000, 0x0000000704000000|100%| O|  |TAMS 0x0000000704000000, 0x0000000703e00000| Untracked 
|  22|0x0000000704000000, 0x0000000704200000, 0x0000000704200000|100%| O|  |TAMS 0x0000000704200000, 0x0000000704000000| Untracked 
|  23|0x0000000704200000, 0x0000000704400000, 0x0000000704400000|100%| O|  |TAMS 0x0000000704400000, 0x0000000704200000| Untracked 
|  24|0x0000000704400000, 0x0000000704600000, 0x0000000704600000|100%| O|  |TAMS 0x0000000704600000, 0x0000000704400000| Untracked 
|  25|0x0000000704600000, 0x0000000704800000, 0x0000000704800000|100%| O|  |TAMS 0x0000000704800000, 0x0000000704600000| Untracked 
|  26|0x0000000704800000, 0x0000000704a00000, 0x0000000704a00000|100%| O|  |TAMS 0x0000000704a00000, 0x0000000704800000| Untracked 
|  27|0x0000000704a00000, 0x0000000704c00000, 0x0000000704c00000|100%| O|  |TAMS 0x0000000704c00000, 0x0000000704a00000| Untracked 
|  28|0x0000000704c00000, 0x0000000704e00000, 0x0000000704e00000|100%| O|  |TAMS 0x0000000704e00000, 0x0000000704c00000| Untracked 
|  29|0x0000000704e00000, 0x0000000705000000, 0x0000000705000000|100%| O|  |TAMS 0x0000000705000000, 0x0000000704e00000| Untracked 
|  30|0x0000000705000000, 0x0000000705200000, 0x0000000705200000|100%| O|  |TAMS 0x0000000705200000, 0x0000000705000000| Untracked 
|  31|0x0000000705200000, 0x0000000705400000, 0x0000000705400000|100%| O|  |TAMS 0x0000000705400000, 0x0000000705200000| Untracked 
|  32|0x0000000705400000, 0x0000000705600000, 0x0000000705600000|100%| O|  |TAMS 0x0000000705600000, 0x0000000705400000| Untracked 
|  33|0x0000000705600000, 0x0000000705800000, 0x0000000705800000|100%| O|  |TAMS 0x0000000705800000, 0x0000000705600000| Untracked 
|  34|0x0000000705800000, 0x0000000705a00000, 0x0000000705a00000|100%| O|  |TAMS 0x0000000705a00000, 0x0000000705800000| Untracked 
|  35|0x0000000705a00000, 0x0000000705c00000, 0x0000000705c00000|100%| O|  |TAMS 0x0000000705c00000, 0x0000000705a00000| Untracked 
|  36|0x0000000705c00000, 0x0000000705e00000, 0x0000000705e00000|100%| O|  |TAMS 0x0000000705e00000, 0x0000000705c00000| Untracked 
|  37|0x0000000705e00000, 0x0000000706000000, 0x0000000706000000|100%| O|  |TAMS 0x0000000706000000, 0x0000000705e00000| Untracked 
|  38|0x0000000706000000, 0x0000000706200000, 0x0000000706200000|100%| O|  |TAMS 0x0000000706200000, 0x0000000706000000| Untracked 
|  39|0x0000000706200000, 0x0000000706400000, 0x0000000706400000|100%| O|  |TAMS 0x0000000706400000, 0x0000000706200000| Untracked 
|  40|0x0000000706400000, 0x0000000706600000, 0x0000000706600000|100%| O|  |TAMS 0x0000000706600000, 0x0000000706400000| Untracked 
|  41|0x0000000706600000, 0x0000000706800000, 0x0000000706800000|100%| O|  |TAMS 0x0000000706800000, 0x0000000706600000| Untracked 
|  42|0x0000000706800000, 0x0000000706a00000, 0x0000000706a00000|100%| O|  |TAMS 0x0000000706a00000, 0x0000000706800000| Untracked 
|  43|0x0000000706a00000, 0x0000000706c00000, 0x0000000706c00000|100%| O|  |TAMS 0x0000000706c00000, 0x0000000706a00000| Untracked 
|  44|0x0000000706c00000, 0x0000000706e00000, 0x0000000706e00000|100%| O|  |TAMS 0x0000000706e00000, 0x0000000706c00000| Untracked 
|  45|0x0000000706e00000, 0x0000000707000000, 0x0000000707000000|100%| O|  |TAMS 0x0000000707000000, 0x0000000706e00000| Untracked 
|  46|0x0000000707000000, 0x0000000707200000, 0x0000000707200000|100%| O|  |TAMS 0x0000000707200000, 0x0000000707000000| Untracked 
|  47|0x0000000707200000, 0x0000000707400000, 0x0000000707400000|100%| O|  |TAMS 0x0000000707400000, 0x0000000707200000| Untracked 
|  48|0x0000000707400000, 0x0000000707600000, 0x0000000707600000|100%| O|  |TAMS 0x0000000707600000, 0x0000000707400000| Untracked 
|  49|0x0000000707600000, 0x0000000707800000, 0x0000000707800000|100%| O|  |TAMS 0x0000000707800000, 0x0000000707600000| Untracked 
|  50|0x0000000707800000, 0x0000000707a00000, 0x0000000707a00000|100%| O|  |TAMS 0x0000000707a00000, 0x0000000707800000| Untracked 
|  51|0x0000000707a00000, 0x0000000707c00000, 0x0000000707c00000|100%| O|  |TAMS 0x0000000707c00000, 0x0000000707a00000| Untracked 
|  52|0x0000000707c00000, 0x0000000707e00000, 0x0000000707e00000|100%| O|  |TAMS 0x0000000707e00000, 0x0000000707c00000| Untracked 
|  53|0x0000000707e00000, 0x0000000708000000, 0x0000000708000000|100%| O|  |TAMS 0x0000000708000000, 0x0000000707e00000| Untracked 
|  54|0x0000000708000000, 0x0000000708200000, 0x0000000708200000|100%| O|  |TAMS 0x0000000708200000, 0x0000000708000000| Untracked 
|  55|0x0000000708200000, 0x0000000708400000, 0x0000000708400000|100%| O|  |TAMS 0x0000000708400000, 0x0000000708200000| Untracked 
|  56|0x0000000708400000, 0x0000000708600000, 0x0000000708600000|100%| O|  |TAMS 0x0000000708600000, 0x0000000708400000| Untracked 
|  57|0x0000000708600000, 0x0000000708800000, 0x0000000708800000|100%| O|  |TAMS 0x0000000708800000, 0x0000000708600000| Untracked 
|  58|0x0000000708800000, 0x0000000708a00000, 0x0000000708a00000|100%| O|  |TAMS 0x0000000708a00000, 0x0000000708800000| Untracked 
|  59|0x0000000708a00000, 0x0000000708c00000, 0x0000000708c00000|100%| O|  |TAMS 0x0000000708ad0000, 0x0000000708a00000| Untracked 
|  60|0x0000000708c00000, 0x0000000708e00000, 0x0000000708e00000|100%| O|  |TAMS 0x0000000708c00000, 0x0000000708c00000| Untracked 
|  61|0x0000000708e00000, 0x0000000708f3e800, 0x0000000709000000| 62%| O|  |TAMS 0x0000000708e00000, 0x0000000708e00000| Untracked 
|  62|0x0000000709000000, 0x0000000709000000, 0x0000000709200000|  0%| F|  |TAMS 0x0000000709000000, 0x0000000709000000| Untracked 
|  63|0x0000000709200000, 0x0000000709200000, 0x0000000709400000|  0%| F|  |TAMS 0x0000000709200000, 0x0000000709200000| Untracked 
|  64|0x0000000709400000, 0x0000000709400000, 0x0000000709600000|  0%| F|  |TAMS 0x0000000709400000, 0x0000000709400000| Untracked 
|  65|0x0000000709600000, 0x0000000709600000, 0x0000000709800000|  0%| F|  |TAMS 0x0000000709600000, 0x0000000709600000| Untracked 
|  66|0x0000000709800000, 0x0000000709800000, 0x0000000709a00000|  0%| F|  |TAMS 0x0000000709800000, 0x0000000709800000| Untracked 
|  67|0x0000000709a00000, 0x0000000709a00000, 0x0000000709c00000|  0%| F|  |TAMS 0x0000000709a00000, 0x0000000709a00000| Untracked 
|  68|0x0000000709c00000, 0x0000000709c00000, 0x0000000709e00000|  0%| F|  |TAMS 0x0000000709c00000, 0x0000000709c00000| Untracked 
|  69|0x0000000709e00000, 0x0000000709e00000, 0x000000070a000000|  0%| F|  |TAMS 0x0000000709e00000, 0x0000000709e00000| Untracked 
|  70|0x000000070a000000, 0x000000070a000000, 0x000000070a200000|  0%| F|  |TAMS 0x000000070a000000, 0x000000070a000000| Untracked 
|  71|0x000000070a200000, 0x000000070a200000, 0x000000070a400000|  0%| F|  |TAMS 0x000000070a200000, 0x000000070a200000| Untracked 
|  72|0x000000070a400000, 0x000000070a400000, 0x000000070a600000|  0%| F|  |TAMS 0x000000070a400000, 0x000000070a400000| Untracked 
|  73|0x000000070a600000, 0x000000070a600000, 0x000000070a800000|  0%| F|  |TAMS 0x000000070a600000, 0x000000070a600000| Untracked 
|  74|0x000000070a800000, 0x000000070a800000, 0x000000070aa00000|  0%| F|  |TAMS 0x000000070a800000, 0x000000070a800000| Untracked 
|  75|0x000000070aa00000, 0x000000070aa00000, 0x000000070ac00000|  0%| F|  |TAMS 0x000000070aa00000, 0x000000070aa00000| Untracked 
|  76|0x000000070ac00000, 0x000000070ac00000, 0x000000070ae00000|  0%| F|  |TAMS 0x000000070ac00000, 0x000000070ac00000| Untracked 
|  77|0x000000070ae00000, 0x000000070ae00000, 0x000000070b000000|  0%| F|  |TAMS 0x000000070ae00000, 0x000000070ae00000| Untracked 
|  78|0x000000070b000000, 0x000000070b000000, 0x000000070b200000|  0%| F|  |TAMS 0x000000070b000000, 0x000000070b000000| Untracked 
|  79|0x000000070b200000, 0x000000070b200000, 0x000000070b400000|  0%| F|  |TAMS 0x000000070b200000, 0x000000070b200000| Untracked 
|  80|0x000000070b400000, 0x000000070b400000, 0x000000070b600000|  0%| F|  |TAMS 0x000000070b400000, 0x000000070b400000| Untracked 
|  81|0x000000070b600000, 0x000000070b6bf8c0, 0x000000070b800000| 37%| S|CS|TAMS 0x000000070b600000, 0x000000070b600000| Complete 
|  82|0x000000070b800000, 0x000000070ba00000, 0x000000070ba00000|100%| S|CS|TAMS 0x000000070b800000, 0x000000070b800000| Complete 
|  83|0x000000070ba00000, 0x000000070bc00000, 0x000000070bc00000|100%| S|CS|TAMS 0x000000070ba00000, 0x000000070ba00000| Complete 
|  84|0x000000070bc00000, 0x000000070bc00000, 0x000000070be00000|  0%| F|  |TAMS 0x000000070bc00000, 0x000000070bc00000| Untracked 
|  85|0x000000070be00000, 0x000000070be00000, 0x000000070c000000|  0%| F|  |TAMS 0x000000070be00000, 0x000000070be00000| Untracked 
|  86|0x000000070c000000, 0x000000070c000000, 0x000000070c200000|  0%| F|  |TAMS 0x000000070c000000, 0x000000070c000000| Untracked 
|  87|0x000000070c200000, 0x000000070c200000, 0x000000070c400000|  0%| F|  |TAMS 0x000000070c200000, 0x000000070c200000| Untracked 
|  88|0x000000070c400000, 0x000000070c400000, 0x000000070c600000|  0%| F|  |TAMS 0x000000070c400000, 0x000000070c400000| Untracked 
|  89|0x000000070c600000, 0x000000070c600000, 0x000000070c800000|  0%| F|  |TAMS 0x000000070c600000, 0x000000070c600000| Untracked 
|  90|0x000000070c800000, 0x000000070c800000, 0x000000070ca00000|  0%| F|  |TAMS 0x000000070c800000, 0x000000070c800000| Untracked 
|  91|0x000000070ca00000, 0x000000070ca00000, 0x000000070cc00000|  0%| F|  |TAMS 0x000000070ca00000, 0x000000070ca00000| Untracked 
|  92|0x000000070cc00000, 0x000000070cc00000, 0x000000070ce00000|  0%| F|  |TAMS 0x000000070cc00000, 0x000000070cc00000| Untracked 
|  93|0x000000070ce00000, 0x000000070cf956f0, 0x000000070d000000| 79%| E|  |TAMS 0x000000070ce00000, 0x000000070ce00000| Complete 
|  94|0x000000070d000000, 0x000000070d200000, 0x000000070d200000|100%| E|CS|TAMS 0x000000070d000000, 0x000000070d000000| Complete 
|  95|0x000000070d200000, 0x000000070d400000, 0x000000070d400000|100%| E|CS|TAMS 0x000000070d200000, 0x000000070d200000| Complete 
|  96|0x000000070d400000, 0x000000070d600000, 0x000000070d600000|100%| E|CS|TAMS 0x000000070d400000, 0x000000070d400000| Complete 
|  97|0x000000070d600000, 0x000000070d800000, 0x000000070d800000|100%| E|CS|TAMS 0x000000070d600000, 0x000000070d600000| Complete 
|  98|0x000000070d800000, 0x000000070da00000, 0x000000070da00000|100%| E|CS|TAMS 0x000000070d800000, 0x000000070d800000| Complete 
|  99|0x000000070da00000, 0x000000070dc00000, 0x000000070dc00000|100%| E|CS|TAMS 0x000000070da00000, 0x000000070da00000| Complete 
| 100|0x000000070dc00000, 0x000000070de00000, 0x000000070de00000|100%| E|CS|TAMS 0x000000070dc00000, 0x000000070dc00000| Complete 
| 101|0x000000070de00000, 0x000000070e000000, 0x000000070e000000|100%| E|CS|TAMS 0x000000070de00000, 0x000000070de00000| Complete 
| 102|0x000000070e000000, 0x000000070e200000, 0x000000070e200000|100%| E|CS|TAMS 0x000000070e000000, 0x000000070e000000| Complete 
| 103|0x000000070e200000, 0x000000070e400000, 0x000000070e400000|100%| E|  |TAMS 0x000000070e200000, 0x000000070e200000| Complete 
| 104|0x000000070e400000, 0x000000070e600000, 0x000000070e600000|100%| E|CS|TAMS 0x000000070e400000, 0x000000070e400000| Complete 
| 105|0x000000070e600000, 0x000000070e800000, 0x000000070e800000|100%| E|CS|TAMS 0x000000070e600000, 0x000000070e600000| Complete 
| 106|0x000000070e800000, 0x000000070ea00000, 0x000000070ea00000|100%| E|CS|TAMS 0x000000070e800000, 0x000000070e800000| Complete 
| 107|0x000000070ea00000, 0x000000070ec00000, 0x000000070ec00000|100%| E|CS|TAMS 0x000000070ea00000, 0x000000070ea00000| Complete 
| 108|0x000000070ec00000, 0x000000070ee00000, 0x000000070ee00000|100%| E|CS|TAMS 0x000000070ec00000, 0x000000070ec00000| Complete 
| 109|0x000000070ee00000, 0x000000070f000000, 0x000000070f000000|100%| E|CS|TAMS 0x000000070ee00000, 0x000000070ee00000| Complete 
| 110|0x000000070f000000, 0x000000070f200000, 0x000000070f200000|100%| E|CS|TAMS 0x000000070f000000, 0x000000070f000000| Complete 
| 127|0x0000000711200000, 0x0000000711400000, 0x0000000711400000|100%| E|CS|TAMS 0x0000000711200000, 0x0000000711200000| Complete 

Card table byte_map: [0x0000018244280000,0x0000018244a80000] _byte_map_base: 0x0000018240a76000

Marking Bits (Prev, Next): (CMBitMap*) 0x000001822cd086c0, (CMBitMap*) 0x000001822cd08680
 Prev Bits: [0x0000018249230000, 0x000001824d1e0000)
 Next Bits: [0x0000018245280000, 0x0000018249230000)

Polling page: 0x000001822c440000

Metaspace:

Usage:
  Non-class:     70.60 MB used.
      Class:     10.78 MB used.
       Both:     81.38 MB used.

Virtual space:
  Non-class space:      128.00 MB reserved,      70.88 MB ( 55%) committed,  2 nodes.
      Class space:        1.00 GB reserved,      11.00 MB (  1%) committed,  1 nodes.
             Both:        1.12 GB reserved,      81.88 MB (  7%) committed. 

Chunk freelists:
   Non-Class:  8.73 MB
       Class:  4.95 MB
        Both:  13.68 MB

MaxMetaspaceSize: unlimited
CompressedClassSpaceSize: 1.00 GB
Initial GC threshold: 21.00 MB
Current GC threshold: 136.25 MB
CDS: on
MetaspaceReclaimPolicy: balanced
 - commit_granule_bytes: 65536.
 - commit_granule_words: 8192.
 - virtual_space_node_default_size: 8388608.
 - enlarge_chunks_in_place: 1.
 - new_chunks_are_fully_committed: 0.
 - uncommit_free_chunks: 1.
 - use_allocation_guard: 0.
 - handle_deallocations: 1.


Internal statistics:

num_allocs_failed_limit: 9.
num_arena_births: 754.
num_arena_deaths: 20.
num_vsnodes_births: 3.
num_vsnodes_deaths: 0.
num_space_committed: 1310.
num_space_uncommitted: 0.
num_chunks_returned_to_freelist: 39.
num_chunks_taken_from_freelist: 3653.
num_chunk_merges: 9.
num_chunk_splits: 2754.
num_chunks_enlarged: 2279.
num_purges: 2.
num_inconsistent_stats: 0.

CodeHeap 'non-profiled nmethods': size=120000Kb used=10887Kb max_used=10887Kb free=109112Kb
 bounds [0x000001823bfe0000, 0x000001823ca90000, 0x0000018243510000]
CodeHeap 'profiled nmethods': size=120000Kb used=15607Kb max_used=18508Kb free=104393Kb
 bounds [0x0000018234510000, 0x0000018235730000, 0x000001823ba40000]
CodeHeap 'non-nmethods': size=5760Kb used=1387Kb max_used=1544Kb free=4372Kb
 bounds [0x000001823ba40000, 0x000001823bcb0000, 0x000001823bfe0000]
 total_blobs=9560 nmethods=8911 adapters=560
 compilation: enabled
              stopped_count=0, restarted_count=0
 full_count=0

Compilation events (20 events):
Event: 161.093 Thread 0x00000182a0252ba0 nmethod 11211 0x000001823ca7ca10 code [0x000001823ca7cba0, 0x000001823ca7cd78]
Event: 161.093 Thread 0x00000182a0252ba0 11213       4       software.amazon.awssdk.protocols.query.internal.marshall.QueryProtocolMarshaller::fillBasicRequestParams (38 bytes)
Event: 161.094 Thread 0x0000018291023dc0 nmethod 11210 0x000001823ca7ce90 code [0x000001823ca7d000, 0x000001823ca7d378]
Event: 161.094 Thread 0x0000018291023dc0 11215       4       software.amazon.awssdk.services.sqs.model.ReceiveMessageRequest$$Lambda$2221/0x0000018251ac6a90::apply (8 bytes)
Event: 161.094 Thread 0x0000018297ef13f0 nmethod 11212 0x000001823ca7d490 code [0x000001823ca7d620, 0x000001823ca7d868]
Event: 161.094 Thread 0x0000018297ef13f0 11216       4       software.amazon.awssdk.core.internal.http.pipeline.stages.MergeCustomHeadersStage::execute (10 bytes)
Event: 161.094 Thread 0x0000018291023dc0 nmethod 11215 0x000001823ca7da10 code [0x000001823ca7db80, 0x000001823ca7dc38]
Event: 161.094 Thread 0x0000018291023dc0 11214       4       software.amazon.awssdk.protocols.core.ProtocolUtils::addStaticQueryParametersToRequest (130 bytes)
Event: 161.095 Thread 0x0000018291023dc0 nmethod 11214 0x000001823ca7dd10 code [0x000001823ca7de80, 0x000001823ca7e058]
Event: 161.095 Thread 0x0000018291023dc0 11217       4       software.amazon.awssdk.services.sqs.model.ReceiveMessageRequest$$Lambda$2215/0x0000018251ac5940::apply (8 bytes)
Event: 161.096 Thread 0x0000018291023dc0 nmethod 11217 0x000001823ca7e210 code [0x000001823ca7e380, 0x000001823ca7e438]
Event: 161.096 Thread 0x0000018291023dc0 11218       4       software.amazon.awssdk.services.sqs.model.ReceiveMessageRequest$$Lambda$2223/0x0000018251ac6ef0::apply (8 bytes)
Event: 161.096 Thread 0x00000182a0252ba0 nmethod 11213 0x000001823ca7e510 code [0x000001823ca7e6e0, 0x000001823ca7eac8]
Event: 161.096 Thread 0x00000182a0252ba0 11219       4       software.amazon.awssdk.services.sqs.model.ReceiveMessageRequest$$Lambda$2225/0x0000018251ac7350::apply (8 bytes)
Event: 161.096 Thread 0x0000018291023dc0 nmethod 11218 0x000001823ca7ee10 code [0x000001823ca7ef80, 0x000001823ca7f038]
Event: 161.096 Thread 0x0000018291023dc0 11220       4       io.awspring.cloud.sqs.listener.source.AbstractPollingMessageSource$$Lambda$2252/0x0000018251acbf90::<init> (15 bytes)
Event: 161.096 Thread 0x00000182a0252ba0 nmethod 11219 0x000001823ca7f110 code [0x000001823ca7f280, 0x000001823ca7f338]
Event: 161.096 Thread 0x00000182a0252ba0 11221   !   4       software.amazon.awssdk.http.nio.netty.internal.ResponseHandler::channelRead0 (411 bytes)
Event: 161.097 Thread 0x0000018291023dc0 nmethod 11220 0x000001823ca7f410 code [0x000001823ca7f580, 0x000001823ca7f6f8]
Event: 161.116 Thread 0x0000018297ef13f0 nmethod 11216 0x000001823ca7f790 code [0x000001823ca7fa00, 0x000001823ca80e70]

GC Heap History (20 events):
Event: 152.611 GC heap before
{Heap before GC invocations=134 (full 0):
 garbage-first heap   total 202752K, used 172628K [0x0000000701400000, 0x0000000800000000)
  region size 2048K, 32 young (65536K), 3 survivors (6144K)
 Metaspace       used 83324K, committed 83840K, reserved 1179648K
  class space    used 11037K, committed 11264K, reserved 1048576K
}
Event: 152.613 GC heap after
{Heap after GC invocations=135 (full 0):
 garbage-first heap   total 202752K, used 117010K [0x0000000701400000, 0x0000000800000000)
  region size 2048K, 3 young (6144K), 3 survivors (6144K)
 Metaspace       used 83324K, committed 83840K, reserved 1179648K
  class space    used 11037K, committed 11264K, reserved 1048576K
}
Event: 153.927 GC heap before
{Heap before GC invocations=136 (full 0):
 garbage-first heap   total 202752K, used 172306K [0x0000000701400000, 0x0000000800000000)
  region size 2048K, 31 young (63488K), 3 survivors (6144K)
 Metaspace       used 83325K, committed 83840K, reserved 1179648K
  class space    used 11038K, committed 11264K, reserved 1048576K
}
Event: 153.929 GC heap after
{Heap after GC invocations=137 (full 0):
 garbage-first heap   total 202752K, used 118409K [0x0000000701400000, 0x0000000800000000)
  region size 2048K, 3 young (6144K), 3 survivors (6144K)
 Metaspace       used 83325K, committed 83840K, reserved 1179648K
  class space    used 11038K, committed 11264K, reserved 1048576K
}
Event: 155.046 GC heap before
{Heap before GC invocations=137 (full 0):
 garbage-first heap   total 202752K, used 171657K [0x0000000701400000, 0x0000000800000000)
  region size 2048K, 30 young (61440K), 3 survivors (6144K)
 Metaspace       used 83327K, committed 83840K, reserved 1179648K
  class space    used 11038K, committed 11264K, reserved 1048576K
}
Event: 155.048 GC heap after
{Heap after GC invocations=138 (full 0):
 garbage-first heap   total 202752K, used 119882K [0x0000000701400000, 0x0000000800000000)
  region size 2048K, 3 young (6144K), 3 survivors (6144K)
 Metaspace       used 83327K, committed 83840K, reserved 1179648K
  class space    used 11038K, committed 11264K, reserved 1048576K
}
Event: 155.996 GC heap before
{Heap before GC invocations=139 (full 0):
 garbage-first heap   total 208896K, used 171082K [0x0000000701400000, 0x0000000800000000)
  region size 2048K, 29 young (59392K), 3 survivors (6144K)
 Metaspace       used 83327K, committed 83840K, reserved 1179648K
  class space    used 11038K, committed 11264K, reserved 1048576K
}
Event: 155.998 GC heap after
{Heap after GC invocations=140 (full 0):
 garbage-first heap   total 208896K, used 121246K [0x0000000701400000, 0x0000000800000000)
  region size 2048K, 3 young (6144K), 3 survivors (6144K)
 Metaspace       used 83327K, committed 83840K, reserved 1179648K
  class space    used 11038K, committed 11264K, reserved 1048576K
}
Event: 156.842 GC heap before
{Heap before GC invocations=140 (full 0):
 garbage-first heap   total 208896K, used 174494K [0x0000000701400000, 0x0000000800000000)
  region size 2048K, 30 young (61440K), 3 survivors (6144K)
 Metaspace       used 83327K, committed 83840K, reserved 1179648K
  class space    used 11038K, committed 11264K, reserved 1048576K
}
Event: 156.844 GC heap after
{Heap after GC invocations=141 (full 0):
 garbage-first heap   total 208896K, used 122661K [0x0000000701400000, 0x0000000800000000)
  region size 2048K, 3 young (6144K), 3 survivors (6144K)
 Metaspace       used 83327K, committed 83840K, reserved 1179648K
  class space    used 11038K, committed 11264K, reserved 1048576K
}
Event: 157.602 GC heap before
{Heap before GC invocations=142 (full 0):
 garbage-first heap   total 219136K, used 173861K [0x0000000701400000, 0x0000000800000000)
  region size 2048K, 29 young (59392K), 3 survivors (6144K)
 Metaspace       used 83328K, committed 83840K, reserved 1179648K
  class space    used 11038K, committed 11264K, reserved 1048576K
}
Event: 157.604 GC heap after
{Heap after GC invocations=143 (full 0):
 garbage-first heap   total 219136K, used 123966K [0x0000000701400000, 0x0000000800000000)
  region size 2048K, 3 young (6144K), 3 survivors (6144K)
 Metaspace       used 83328K, committed 83840K, reserved 1179648K
  class space    used 11038K, committed 11264K, reserved 1048576K
}
Event: 158.403 GC heap before
{Heap before GC invocations=143 (full 0):
 garbage-first heap   total 219136K, used 185406K [0x0000000701400000, 0x0000000800000000)
  region size 2048K, 34 young (69632K), 3 survivors (6144K)
 Metaspace       used 83329K, committed 83840K, reserved 1179648K
  class space    used 11039K, committed 11264K, reserved 1048576K
}
Event: 158.405 GC heap after
{Heap after GC invocations=144 (full 0):
 garbage-first heap   total 219136K, used 125718K [0x0000000701400000, 0x0000000800000000)
  region size 2048K, 3 young (6144K), 3 survivors (6144K)
 Metaspace       used 83329K, committed 83840K, reserved 1179648K
  class space    used 11039K, committed 11264K, reserved 1048576K
}
Event: 159.254 GC heap before
{Heap before GC invocations=145 (full 0):
 garbage-first heap   total 219136K, used 187158K [0x0000000701400000, 0x0000000800000000)
  region size 2048K, 34 young (69632K), 3 survivors (6144K)
 Metaspace       used 83329K, committed 83840K, reserved 1179648K
  class space    used 11039K, committed 11264K, reserved 1048576K
}
Event: 159.256 GC heap after
{Heap after GC invocations=146 (full 0):
 garbage-first heap   total 219136K, used 127359K [0x0000000701400000, 0x0000000800000000)
  region size 2048K, 4 young (8192K), 4 survivors (8192K)
 Metaspace       used 83329K, committed 83840K, reserved 1179648K
  class space    used 11039K, committed 11264K, reserved 1048576K
}
Event: 159.980 GC heap before
{Heap before GC invocations=146 (full 0):
 garbage-first heap   total 219136K, used 182655K [0x0000000701400000, 0x0000000800000000)
  region size 2048K, 32 young (65536K), 4 survivors (8192K)
 Metaspace       used 83329K, committed 83840K, reserved 1179648K
  class space    used 11039K, committed 11264K, reserved 1048576K
}
Event: 159.982 GC heap after
{Heap after GC invocations=147 (full 0):
 garbage-first heap   total 219136K, used 128629K [0x0000000701400000, 0x0000000800000000)
  region size 2048K, 3 young (6144K), 3 survivors (6144K)
 Metaspace       used 83329K, committed 83840K, reserved 1179648K
  class space    used 11039K, committed 11264K, reserved 1048576K
}
Event: 160.729 GC heap before
{Heap before GC invocations=148 (full 0):
 garbage-first heap   total 229376K, used 185973K [0x0000000701400000, 0x0000000800000000)
  region size 2048K, 31 young (63488K), 3 survivors (6144K)
 Metaspace       used 83329K, committed 83840K, reserved 1179648K
  class space    used 11039K, committed 11264K, reserved 1048576K
}
Event: 160.734 GC heap after
{Heap after GC invocations=149 (full 0):
 garbage-first heap   total 229376K, used 130399K [0x0000000701400000, 0x0000000800000000)
  region size 2048K, 3 young (6144K), 3 survivors (6144K)
 Metaspace       used 83329K, committed 83840K, reserved 1179648K
  class space    used 11039K, committed 11264K, reserved 1048576K
}

Deoptimization events (20 events):
Event: 161.196 Thread 0x000001829cf2adb0 DEOPT PACKING pc=0x000001823c5f5204 sp=0x000000772dbfe6d0
Event: 161.196 Thread 0x000001829cf2adb0 DEOPT UNPACKING pc=0x000001823ba92b43 sp=0x000000772dbfdbe8 mode 1
Event: 161.196 Thread 0x000001829cf2adb0 DEOPT PACKING pc=0x000001823c5f5204 sp=0x000000772dbfe3b0
Event: 161.196 Thread 0x000001829cf2adb0 DEOPT UNPACKING pc=0x000001823ba92b43 sp=0x000000772dbfd8c8 mode 1
Event: 161.199 Thread 0x000001829cf2d430 DEOPT PACKING pc=0x000001823c5f5204 sp=0x000000772defe8f0
Event: 161.199 Thread 0x000001829cf2d430 DEOPT UNPACKING pc=0x000001823ba92b43 sp=0x000000772defde08 mode 1
Event: 161.199 Thread 0x000001829cf2d430 DEOPT PACKING pc=0x000001823c5f5204 sp=0x000000772defe5d0
Event: 161.199 Thread 0x000001829cf2d430 DEOPT UNPACKING pc=0x000001823ba92b43 sp=0x000000772defdae8 mode 1
Event: 161.203 Thread 0x000001829cf2b280 DEOPT PACKING pc=0x000001823c5f5204 sp=0x000000772e0fe900
Event: 161.203 Thread 0x000001829cf2b280 DEOPT UNPACKING pc=0x000001823ba92b43 sp=0x000000772e0fde18 mode 1
Event: 161.203 Thread 0x000001829cf2b280 DEOPT PACKING pc=0x000001823c5f5204 sp=0x000000772e0fe5e0
Event: 161.203 Thread 0x000001829cf2b280 DEOPT UNPACKING pc=0x000001823ba92b43 sp=0x000000772e0fdaf8 mode 1
Event: 161.206 Thread 0x000001829cf2b750 DEOPT PACKING pc=0x000001823c5f5204 sp=0x000000772e1fe800
Event: 161.206 Thread 0x000001829cf2b750 DEOPT UNPACKING pc=0x000001823ba92b43 sp=0x000000772e1fdd18 mode 1
Event: 161.206 Thread 0x000001829cf2b750 DEOPT PACKING pc=0x000001823c5f5204 sp=0x000000772e1fe4e0
Event: 161.206 Thread 0x000001829cf2b750 DEOPT UNPACKING pc=0x000001823ba92b43 sp=0x000000772e1fd9f8 mode 1
Event: 161.210 Thread 0x000001829cf30450 DEOPT PACKING pc=0x000001823c5f5204 sp=0x000000772e2feb40
Event: 161.210 Thread 0x000001829cf30450 DEOPT UNPACKING pc=0x000001823ba92b43 sp=0x000000772e2fe058 mode 1
Event: 161.210 Thread 0x000001829cf30450 DEOPT PACKING pc=0x000001823c5f5204 sp=0x000000772e2fe820
Event: 161.210 Thread 0x000001829cf30450 DEOPT UNPACKING pc=0x000001823ba92b43 sp=0x000000772e2fdd38 mode 1

Classes unloaded (10 events):
Event: 96.553 Thread 0x0000018291006070 Unloading class 0x0000018251a55c00 'java/lang/invoke/LambdaForm$MH+0x0000018251a55c00'
Event: 96.553 Thread 0x0000018291006070 Unloading class 0x0000018251a55000 'java/lang/invoke/LambdaForm$DMH+0x0000018251a55000'
Event: 96.553 Thread 0x0000018291006070 Unloading class 0x0000018251a54800 'java/lang/invoke/LambdaForm$DMH+0x0000018251a54800'
Event: 96.553 Thread 0x0000018291006070 Unloading class 0x0000018251a54400 'java/lang/invoke/LambdaForm$DMH+0x0000018251a54400'
Event: 96.553 Thread 0x0000018291006070 Unloading class 0x0000018251a49c00 'java/lang/invoke/LambdaForm$MH+0x0000018251a49c00'
Event: 96.553 Thread 0x0000018291006070 Unloading class 0x0000018251a49400 'java/lang/invoke/LambdaForm$DMH+0x0000018251a49400'
Event: 96.553 Thread 0x0000018291006070 Unloading class 0x0000018251a48c00 'java/lang/invoke/LambdaForm$DMH+0x0000018251a48c00'
Event: 96.553 Thread 0x0000018291006070 Unloading class 0x0000018251a48400 'java/lang/invoke/LambdaForm$DMH+0x0000018251a48400'
Event: 96.553 Thread 0x0000018291006070 Unloading class 0x0000018251a38000 'java/lang/invoke/LambdaForm$DMH+0x0000018251a38000'
Event: 96.553 Thread 0x0000018291006070 Unloading class 0x00000182519ec400 'java/lang/invoke/LambdaForm$DMH+0x00000182519ec400'

Classes redefined (0 events):
No events

Internal exceptions (20 events):
Event: 92.361 Thread 0x0000018297609370 Exception <a 'java/io/IOException'{0x0000000705369dc8}> (0x0000000705369dc8) 
thrown [s\open\src\hotspot\share\prims\jni.cpp, line 516]
Event: 92.361 Thread 0x000001829cf2e2a0 Exception <a 'java/io/IOException'{0x000000070535b7d0}> (0x000000070535b7d0) 
thrown [s\open\src\hotspot\share\prims\jni.cpp, line 516]
Event: 92.389 Thread 0x00000182993e52a0 Exception <a 'java/io/IOException'{0x00000007053eb980}> (0x00000007053eb980) 
thrown [s\open\src\hotspot\share\prims\jni.cpp, line 516]
Event: 92.403 Thread 0x000001829fe4c510 Exception <a 'java/io/IOException'{0x0000000705295e30}> (0x0000000705295e30) 
thrown [s\open\src\hotspot\share\prims\jni.cpp, line 516]
Event: 92.492 Thread 0x000001829fe44cc0 Exception <a 'java/io/IOException'{0x00000007050b2bc0}> (0x00000007050b2bc0) 
thrown [s\open\src\hotspot\share\prims\jni.cpp, line 516]
Event: 92.560 Thread 0x000001829fe46000 Exception <a 'java/io/IOException'{0x00000007054f0e30}> (0x00000007054f0e30) 
thrown [s\open\src\hotspot\share\prims\jni.cpp, line 516]
Event: 92.641 Thread 0x00000182993e3a90 Exception <a 'java/io/IOException'{0x000000070512f670}> (0x000000070512f670) 
thrown [s\open\src\hotspot\share\prims\jni.cpp, line 516]
Event: 92.779 Thread 0x000001829fe47ce0 Exception <a 'java/io/IOException'{0x00000007051e6c00}> (0x00000007051e6c00) 
thrown [s\open\src\hotspot\share\prims\jni.cpp, line 516]
Event: 92.790 Thread 0x000001829fe4b6a0 Exception <a 'java/io/IOException'{0x0000000711240ab8}> (0x0000000711240ab8) 
thrown [s\open\src\hotspot\share\prims\jni.cpp, line 516]
Event: 92.875 Thread 0x000001829fe494f0 Exception <a 'java/io/IOException'{0x00000007112d3340}> (0x00000007112d3340) 
thrown [s\open\src\hotspot\share\prims\jni.cpp, line 516]
Event: 92.964 Thread 0x000001829cf2c0f0 Exception <a 'java/io/IOException'{0x000000071132efd0}> (0x000000071132efd0) 
thrown [s\open\src\hotspot\share\prims\jni.cpp, line 516]
Event: 93.310 Thread 0x000001829fe47810 Exception <a 'java/io/IOException'{0x0000000707a0cbf8}> (0x0000000707a0cbf8) 
thrown [s\open\src\hotspot\share\prims\jni.cpp, line 516]
Event: 93.366 Thread 0x000001829fe469a0 Exception <a 'java/io/IOException'{0x000000071128dcc0}> (0x000000071128dcc0) 
thrown [s\open\src\hotspot\share\prims\jni.cpp, line 516]
Event: 93.537 Thread 0x00000182993e4dd0 Exception <a 'java/io/IOException'{0x0000000707a621b0}> (0x0000000707a621b0) 
thrown [s\open\src\hotspot\share\prims\jni.cpp, line 516]
Event: 93.832 Thread 0x000001829cf2d900 Exception <a 'java/io/IOException'{0x0000000707ac0a28}> (0x0000000707ac0a28) 
thrown [s\open\src\hotspot\share\prims\jni.cpp, line 516]
Event: 93.906 Thread 0x000001829fe464d0 Exception <a 'java/io/IOException'{0x0000000707b7c920}> (0x0000000707b7c920) 
thrown [s\open\src\hotspot\share\prims\jni.cpp, line 516]
Event: 94.117 Thread 0x0000018297609370 Exception <a 'java/io/IOException'{0x0000000707a346f8}> (0x0000000707a346f8) 
thrown [s\open\src\hotspot\share\prims\jni.cpp, line 516]
Event: 94.179 Thread 0x000001829fe499c0 Exception <a 'java/io/IOException'{0x0000000707bc41d0}> (0x0000000707bc41d0) 
thrown [s\open\src\hotspot\share\prims\jni.cpp, line 516]
Event: 94.186 Thread 0x000001829cf2f110 Exception <a 'java/io/IOException'{0x0000000707832498}> (0x0000000707832498) 
thrown [s\open\src\hotspot\share\prims\jni.cpp, line 516]
Event: 94.744 Thread 0x000001829fe4c040 Implicit null exception at 0x000001823c46222c to 0x000001823c462294

VM Operations (20 events):
Event: 156.928 Executing VM operation: G1Concurrent
Event: 156.928 Executing VM operation: G1Concurrent done
Event: 157.602 Executing VM operation: G1CollectForAllocation
Event: 157.604 Executing VM operation: G1CollectForAllocation done
Event: 158.403 Executing VM operation: G1CollectForAllocation
Event: 158.405 Executing VM operation: G1CollectForAllocation done
Event: 158.458 Executing VM operation: G1Concurrent
Event: 158.462 Executing VM operation: G1Concurrent done
Event: 158.492 Executing VM operation: G1Concurrent
Event: 158.492 Executing VM operation: G1Concurrent done
Event: 159.254 Executing VM operation: G1CollectForAllocation
Event: 159.256 Executing VM operation: G1CollectForAllocation done
Event: 159.980 Executing VM operation: G1CollectForAllocation
Event: 159.982 Executing VM operation: G1CollectForAllocation done
Event: 160.035 Executing VM operation: G1Concurrent
Event: 160.039 Executing VM operation: G1Concurrent done
Event: 160.071 Executing VM operation: G1Concurrent
Event: 160.071 Executing VM operation: G1Concurrent done
Event: 160.729 Executing VM operation: G1CollectForAllocation
Event: 160.734 Executing VM operation: G1CollectForAllocation done

Events (20 events):
Event: 141.987 Thread 0x0000018291036790 flushing nmethod 0x00000182355cf490
Event: 141.987 Thread 0x0000018291036790 flushing nmethod 0x00000182355d7190
Event: 141.987 Thread 0x0000018291036790 flushing nmethod 0x00000182355e2290
Event: 141.987 Thread 0x0000018291036790 flushing nmethod 0x00000182355e2f90
Event: 141.987 Thread 0x0000018291036790 flushing nmethod 0x00000182355f4490
Event: 141.987 Thread 0x0000018291036790 flushing nmethod 0x00000182355f5110
Event: 141.987 Thread 0x0000018291036790 flushing nmethod 0x00000182355fe310
Event: 141.987 Thread 0x0000018291036790 flushing nmethod 0x00000182356fa510
Event: 141.988 Thread 0x0000018291036790 flushing nmethod 0x0000018235713190
Event: 141.988 Thread 0x0000018291036790 flushing nmethod 0x0000018235714010
Event: 141.988 Thread 0x0000018291036790 flushing nmethod 0x0000018235715f90
Event: 142.141 Thread 0x000001829aa434a0 Thread exited: 0x000001829aa434a0
Event: 146.107 Thread 0x000001829fe3b420 Thread added: 0x000001829fe3b420
Event: 146.946 Thread 0x000001829fe3b420 Thread exited: 0x000001829fe3b420
Event: 149.564 Thread 0x00000182992901d0 Thread added: 0x00000182992901d0
Event: 154.779 Thread 0x00000182992901d0 Thread exited: 0x00000182992901d0
Event: 157.152 Thread 0x00000182a0252ba0 Thread added: 0x00000182a0252ba0
Event: 157.152 Thread 0x00000182a0251760 Thread added: 0x00000182a0251760
Event: 157.682 Thread 0x00000182a0251760 Thread exited: 0x00000182a0251760
Event: 160.984 Thread 0x0000018297ef13f0 Thread added: 0x0000018297ef13f0


Dynamic libraries:
0x00007ff6c1ef0000 - 0x00007ff6c1f00000 	Y:\Java\jdk\jdk-17.0.8\bin\java.exe
0x00007ffca20d0000 - 0x00007ffca22e7000 	C:\WINDOWS\SYSTEM32\ntdll.dll
0x00007ffca0ed0000 - 0x00007ffca0f94000 	C:\WINDOWS\System32\KERNEL32.DLL
0x00007ffc9f440000 - 0x00007ffc9f7f9000 	C:\WINDOWS\System32\KERNELBASE.dll
0x00007ffc9fa40000 - 0x00007ffc9fb51000 	C:\WINDOWS\System32\ucrtbase.dll
0x00007ffc6e1d0000 - 0x00007ffc6e1e9000 	Y:\Java\jdk\jdk-17.0.8\bin\jli.dll
0x00007ffc6edb0000 - 0x00007ffc6edcb000 	Y:\Java\jdk\jdk-17.0.8\bin\VCRUNTIME140.dll
0x00007ffca1fd0000 - 0x00007ffca2082000 	C:\WINDOWS\System32\ADVAPI32.dll
0x00007ffca1b50000 - 0x00007ffca1bf7000 	C:\WINDOWS\System32\msvcrt.dll
0x00007ffc9ffa0000 - 0x00007ffca0047000 	C:\WINDOWS\System32\sechost.dll
0x00007ffc9fa10000 - 0x00007ffc9fa38000 	C:\WINDOWS\System32\bcrypt.dll
0x00007ffca0050000 - 0x00007ffca0164000 	C:\WINDOWS\System32\RPCRT4.dll
0x00007ffc9fdf0000 - 0x00007ffc9ff9e000 	C:\WINDOWS\System32\USER32.dll
0x00007ffc9f8c0000 - 0x00007ffc9f8e6000 	C:\WINDOWS\System32\win32u.dll
0x00007ffc8eb10000 - 0x00007ffc8eda2000 	C:\WINDOWS\WinSxS\amd64_microsoft.windows.common-controls_6595b64144ccf1df_6.0.22621.4391_none_2715d37f73803e96\COMCTL32.dll
0x00007ffca1c00000 - 0x00007ffca1c29000 	C:\WINDOWS\System32\GDI32.dll
0x00007ffc9f8f0000 - 0x00007ffc9fa0b000 	C:\WINDOWS\System32\gdi32full.dll
0x00007ffc9fb60000 - 0x00007ffc9fbfa000 	C:\WINDOWS\System32\msvcp_win.dll
0x00007ffc97c50000 - 0x00007ffc97c5a000 	C:\WINDOWS\SYSTEM32\VERSION.dll
0x00007ffca1ce0000 - 0x00007ffca1d11000 	C:\WINDOWS\System32\IMM32.DLL
0x00007ffc78320000 - 0x00007ffc7832c000 	Y:\Java\jdk\jdk-17.0.8\bin\vcruntime140_1.dll
0x00007ffc30530000 - 0x00007ffc305be000 	Y:\Java\jdk\jdk-17.0.8\bin\msvcp140.dll
0x00007ffc1df30000 - 0x00007ffc1eb0e000 	Y:\Java\jdk\jdk-17.0.8\bin\server\jvm.dll
0x00007ffca0ec0000 - 0x00007ffca0ec8000 	C:\WINDOWS\System32\PSAPI.DLL
0x00007ffc952e0000 - 0x00007ffc95314000 	C:\WINDOWS\SYSTEM32\WINMM.dll
0x00007ffc7a660000 - 0x00007ffc7a669000 	C:\WINDOWS\SYSTEM32\WSOCK32.dll
0x00007ffca1f50000 - 0x00007ffca1fc1000 	C:\WINDOWS\System32\WS2_32.dll
0x00007ffc9e500000 - 0x00007ffc9e518000 	C:\WINDOWS\SYSTEM32\kernel.appcore.dll
0x00007ffc77e70000 - 0x00007ffc77e7a000 	Y:\Java\jdk\jdk-17.0.8\bin\jimage.dll
0x00007ffc8e020000 - 0x00007ffc8e252000 	C:\WINDOWS\SYSTEM32\DBGHELP.DLL
0x00007ffca0170000 - 0x00007ffca04ff000 	C:\WINDOWS\System32\combase.dll
0x00007ffca0500000 - 0x00007ffca05d7000 	C:\WINDOWS\System32\OLEAUT32.dll
0x00007ffc93b20000 - 0x00007ffc93b52000 	C:\WINDOWS\SYSTEM32\dbgcore.DLL
0x00007ffc9fc00000 - 0x00007ffc9fc7b000 	C:\WINDOWS\System32\bcryptPrimitives.dll
0x00007ffc36780000 - 0x00007ffc367bb000 	Y:\Java\jdk\jdk-17.0.8\bin\jdwp.dll
0x00007ffc680b0000 - 0x00007ffc680d5000 	Y:\Java\jdk\jdk-17.0.8\bin\java.dll
0x00007ffc28a40000 - 0x00007ffc28b17000 	Y:\Java\jdk\jdk-17.0.8\bin\jsvml.dll
0x00007ffca0fa0000 - 0x00007ffca1816000 	C:\WINDOWS\System32\SHELL32.dll
0x00007ffc9d310000 - 0x00007ffc9dc13000 	C:\WINDOWS\SYSTEM32\windows.storage.dll
0x00007ffc9d1d0000 - 0x00007ffc9d30f000 	C:\WINDOWS\SYSTEM32\wintypes.dll
0x00007ffca19e0000 - 0x00007ffca1ad9000 	C:\WINDOWS\System32\SHCORE.dll
0x00007ffca05e0000 - 0x00007ffca063e000 	C:\WINDOWS\System32\shlwapi.dll
0x00007ffc9f300000 - 0x00007ffc9f32b000 	C:\WINDOWS\SYSTEM32\profapi.dll
0x00007ffc9c2d0000 - 0x00007ffc9c2dc000 	Y:\Java\jdk\jdk-17.0.8\bin\dt_socket.dll
0x00007ffc9df30000 - 0x00007ffc9df5d000 	C:\WINDOWS\SYSTEM32\IPHLPAPI.DLL
0x00007ffc9e980000 - 0x00007ffc9e9e9000 	C:\WINDOWS\system32\mswsock.dll
0x00007ffc9df60000 - 0x00007ffc9e062000 	C:\WINDOWS\SYSTEM32\DNSAPI.dll
0x00007ffca18d0000 - 0x00007ffca18d9000 	C:\WINDOWS\System32\NSI.dll
0x0000000054950000 - 0x0000000054976000 	C:\Program Files\Bonjour\mdnsNSP.dll
0x00007ffc96680000 - 0x00007ffc9668a000 	C:\Windows\System32\rasadhlp.dll
0x00007ffc95dc0000 - 0x00007ffc95e43000 	C:\WINDOWS\System32\fwpuclnt.dll
0x00007ffc681c0000 - 0x00007ffc681d9000 	Y:\Java\jdk\jdk-17.0.8\bin\net.dll
0x00007ffc97ab0000 - 0x00007ffc97be6000 	C:\WINDOWS\SYSTEM32\WINHTTP.dll
0x00007ffc66990000 - 0x00007ffc669a6000 	Y:\Java\jdk\jdk-17.0.8\bin\nio.dll
0x00007ffc6d710000 - 0x00007ffc6d728000 	Y:\Java\jdk\jdk-17.0.8\bin\zip.dll
0x00007ffc6ee10000 - 0x00007ffc6ee1a000 	Y:\Java\jdk\jdk-17.0.8\bin\management.dll
0x00007ffc6eda0000 - 0x00007ffc6edab000 	Y:\Java\jdk\jdk-17.0.8\bin\management_ext.dll
0x00007ffc686c0000 - 0x00007ffc686d7000 	C:\WINDOWS\system32\napinsp.dll
0x00007ffc686a0000 - 0x00007ffc686bb000 	C:\WINDOWS\system32\pnrpnsp.dll
0x00007ffc68680000 - 0x00007ffc68691000 	C:\WINDOWS\System32\winrnr.dll
0x00007ffc97f60000 - 0x00007ffc97f75000 	C:\WINDOWS\system32\wshbth.dll
0x00007ffc68650000 - 0x00007ffc68677000 	C:\WINDOWS\system32\nlansp_c.dll
0x00007ffc9ebd0000 - 0x00007ffc9ebeb000 	C:\WINDOWS\SYSTEM32\CRYPTSP.dll
0x00007ffc9e460000 - 0x00007ffc9e495000 	C:\WINDOWS\system32\rsaenh.dll
0x00007ffc9ea70000 - 0x00007ffc9ea98000 	C:\WINDOWS\SYSTEM32\USERENV.dll
0x00007ffc9ebf0000 - 0x00007ffc9ebfc000 	C:\WINDOWS\SYSTEM32\CRYPTBASE.dll
0x00007ffc97e10000 - 0x00007ffc97e29000 	C:\WINDOWS\SYSTEM32\dhcpcsvc6.DLL
0x00007ffc97c60000 - 0x00007ffc97c7f000 	C:\WINDOWS\SYSTEM32\dhcpcsvc.DLL
0x00007ffc6ec20000 - 0x00007ffc6ec2e000 	Y:\Java\jdk\jdk-17.0.8\bin\sunmscapi.dll
0x00007ffc9fc80000 - 0x00007ffc9fde6000 	C:\WINDOWS\System32\CRYPT32.dll
0x00007ffc9ed70000 - 0x00007ffc9ed9d000 	C:\WINDOWS\SYSTEM32\ncrypt.dll
0x00007ffc9ed30000 - 0x00007ffc9ed67000 	C:\WINDOWS\SYSTEM32\NTASN1.dll
0x00007ffc70f60000 - 0x00007ffc70f70000 	Y:\Java\jdk\jdk-17.0.8\bin\verify.dll
0x00007ffc5beb0000 - 0x00007ffc5beb8000 	C:\WINDOWS\system32\wshunix.dll

dbghelp: loaded successfully - version: 4.0.5 - missing functions: none
symbol engine: initialized successfully - sym options: 0x614 - pdb path: .;Y:\Java\jdk\jdk-17.0.8\bin;C:\WINDOWS\SYSTEM32;C:\WINDOWS\WinSxS\amd64_microsoft.windows.common-controls_6595b64144ccf1df_6.0.22621.4391_none_2715d37f73803e96;Y:\Java\jdk\jdk-17.0.8\bin\server;C:\Program Files\Bonjour

VM Arguments:
jvm_args: -Xrunjdwp:transport=dt_socket,address=localhost:60658,server=n,suspend=y -Dcom.sun.management.jmxremote -Dcom.sun.management.jmxremote.port=60201 -Dcom.sun.management.jmxremote.authenticate=false -Dcom.sun.management.jmxremote.ssl=false -Dspring.jmx.enabled=true -Djava.rmi.server.hostname=localhost -Dspring.application.admin.enabled=true -Dspring.boot.project.name=producao-service-fase-4-producao-fase04 -XX:+ShowCodeDetailsInExceptionMessages -Dfile.encoding=UTF-8 
java_command: br.com.fiap.lanchonete.ProducaoServiceFase4Application
java_class_path (initial): Y:\FIAP\repositorios\fase4\producao-fase04\bin\main;C:\Users\User\.gradle\caches\modules-2\files-2.1\org.projectlombok\lombok\1.18.34\ec547ef414ab1d2c040118fb9c1c265ada63af14\lombok-1.18.34.jar;C:\Users\User\.gradle\caches\modules-2\files-2.1\org.springframework.boot\spring-boot-starter-data-jpa\3.3.2\2731d74dfc18fb905c29930cf55493980c2cee5a\spring-boot-starter-data-jpa-3.3.2.jar;C:\Users\User\.gradle\caches\modules-2\files-2.1\org.springframework.boot\spring-boot-starter-web\3.3.2\720418538668a8742d0ae24097811d5250cf5c32\spring-boot-starter-web-3.3.2.jar;C:\Users\User\.gradle\caches\modules-2\files-2.1\org.springframework.boot\spring-boot-starter-json\3.3.2\d8b8b73e7820092b4e41d730eeb968add7957c45\spring-boot-starter-json-3.3.2.jar;C:\Users\User\.gradle\caches\modules-2\files-2.1\io.awspring.cloud\spring-cloud-aws-starter-sqs\3.0.4\27f28ffe4ae3f39863847222a489114a3c3d1ac3\spring-cloud-aws-starter-sqs-3.0.4.jar;C:\Users\User\.gradle\caches\modules-2\files-2.1\io.awspring.cloud\spring-cloud-aws-sqs\3.0.4\8344f7c51efee5b910843dcfa3349cb67238873\spring-cloud-aws-sqs-3.0.4.jar;C:\Users\User\.gradle\caches\modules-2\files-2.1\com.fasterxml.jackson.datatype\jackson-datatype-jdk8\2.17.2\efd3dd0e1d0db8bc72abbe71c15e697bb83b4b45\jackson-datatype-jdk8-2.17.2.jar;C:\Users\User\.gradle\caches\modules-2\files-2.1\org.springdoc\springdoc-openapi-starter-webmvc-ui\2.2.0\178d8ed6714d78b8b475c45bc60642a9232fcb70\springdoc-openapi-starter-webmvc-ui-2.2.0.jar;C:\Users\User\.gradle\caches\modules-2\files-2.1\org.springdoc\springdoc-openapi-starter-webmvc-api\2.2.0\3a7a3a7ecd2537203961d83cabc6d642f294ddb\springdoc-openapi-starter-webmvc-api-2.2.0.jar;C:\Users\User\.gradle\caches\modules-2\files-2.1\org.springdoc\springdoc-openapi-starter-common\2.2.0\352343daae911b5d95c718c4a3c461cf94b4707b\springdoc-openapi-starter-common-2.2.0.jar;C:\Users\User\.gradle\caches\modules-2\files-2.1\io.swagger.core.v3\swagger-core-jakarta\2.2.15\6c85064b85f895b7f0c0819d9509952
Launcher Type: SUN_STANDARD

[Global flags]
     intx CICompilerCount                          = 4                                         {product} {ergonomic}
     uint ConcGCThreads                            = 3                                         {product} {ergonomic}
     uint G1ConcRefinementThreads                  = 10                                        {product} {ergonomic}
   size_t G1HeapRegionSize                         = 2097152                                   {product} {ergonomic}
    uintx GCDrainStackTargetSize                   = 64                                        {product} {ergonomic}
   size_t InitialHeapSize                          = 268435456                                 {product} {ergonomic}
     bool ManagementServer                         = true                                      {product} {command line}
   size_t MarkStackSize                            = 4194304                                   {product} {ergonomic}
   size_t MaxHeapSize                              = 4273995776                                {product} {ergonomic}
   size_t MaxNewSize                               = 2562719744                                {product} {ergonomic}
   size_t MinHeapDeltaBytes                        = 2097152                                   {product} {ergonomic}
   size_t MinHeapSize                              = 8388608                                   {product} {ergonomic}
    uintx NonNMethodCodeHeapSize                   = 5839372                                {pd product} {ergonomic}
    uintx NonProfiledCodeHeapSize                  = 122909434                              {pd product} {ergonomic}
    uintx ProfiledCodeHeapSize                     = 122909434                              {pd product} {ergonomic}
    uintx ReservedCodeCacheSize                    = 251658240                              {pd product} {ergonomic}
     bool SegmentedCodeCache                       = true                                      {product} {ergonomic}
     bool ShowCodeDetailsInExceptionMessages       = true                                   {manageable} {command line}
   size_t SoftMaxHeapSize                          = 4273995776                             {manageable} {ergonomic}
     bool UseCompressedClassPointers               = true                           {product lp64_product} {ergonomic}
     bool UseCompressedOops                        = true                           {product lp64_product} {ergonomic}
     bool UseG1GC                                  = true                                      {product} {ergonomic}
     bool UseLargePagesIndividualAllocation        = false                                  {pd product} {ergonomic}

Logging:
Log output configuration:
 #0: stdout all=warning uptime,level,tags
 #1: stderr all=off uptime,level,tags

Environment Variables:
JAVA_HOME=Y:\Java\jdk\jdk-17.0.8
PATH=C:\Program Files\Common Files\Oracle\Java\javapath;C:\Program Files (x86)\Common Files\Oracle\Java\java8path;C:\Program Files (x86)\Common Files\Oracle\Java\javapath;C:\WINDOWS\system32;C:\WINDOWS;C:\WINDOWS\System32\Wbem;C:\WINDOWS\System32\WindowsPowerShell\v1.0\;C:\WINDOWS\System32\OpenSSH\;C:\Program Files\dotnet\;C:\Program Files (x86)\NVIDIA Corporation\PhysX\Common;C:\Program Files\NVIDIA Corporation\NVIDIA NvDLISR;C:\Program Files (x86)\AOMEI\AOMEI Backupper\7.1.1;C:\WINDOWS\system32;C:\WINDOWS;C:\WINDOWS\System32\Wbem;C:\WINDOWS\System32\WindowsPowerShell\v1.0\;C:\WINDOWS\System32\OpenSSH\;Y:\python\poppler-23.07.0\Library\bin;C:\Program Files\Git\cmd;Y:\DEV\maven\apache-maven-3.9.6\bin;Y:\Java\jdk1.7.0_80\bin;C:\Program Files\Amazon\AWSSAMCLI\bin\;C:\Program Files\Amazon\AWSCLIV2\;Y:\Java\gradle-8.10\bin;;C:\Program Files\Docker\Docker\resources\bin;C:\Users\User\AppData\Local\Programs\Python\Python311\Scripts\;C:\Users\User\AppData\Local\Programs\Python\Python311\;C:\Users\User\AppData\Local\Microsoft\WindowsApps;Y:\Programacao\Microsoft VS Code\bin;C:\Users\User\.dotnet\tools;Y:\Ferramentas\IntelliJ IDEA 2024.2.3\bin;;C:\Program Files\JetBrains\PyCharm 2024.2.4\bin;;C:\Users\User\.localstack;
USERNAME=User
OS=Windows_NT
PROCESSOR_IDENTIFIER=Intel64 Family 6 Model 165 Stepping 3, GenuineIntel



---------------  S Y S T E M  ---------------

OS:
 Windows 11 , 64 bit Build 22621 (10.0.22621.4391)
OS uptime: 0 days 6:06 hours
Hyper-V role detected

CPU: total 12 (initial active 12) (6 cores per cpu, 2 threads per core) family 6 model 165 stepping 3 microcode 0xe0, cx8, cmov, fxsr, ht, mmx, 3dnowpref, sse, sse2, sse3, ssse3, sse4.1, sse4.2, popcnt, lzcnt, tsc, tscinvbit, avx, avx2, aes, erms, clmul, bmi1, bmi2, adx, fma, vzeroupper, clflush, clflushopt, hv

Memory: 4k page, system-wide physical 16300M (656M free)
TotalPageFile size 32178M (AvailPageFile size 27M)
current process WorkingSet (physical memory assigned to process): 603M, peak: 603M
current process commit charge ("private bytes"): 645M, peak: 646M

vm_info: Java HotSpot(TM) 64-Bit Server VM (17.0.8+9-LTS-211) for windows-amd64 JRE (17.0.8+9-LTS-211), built on Jun 14 2023 10:34:31 by "mach5one" with MS VC++ 17.1 (VS2022)

END.
